c:\users\administrator.jusin-20180207g\desktop\crazyacade\crazyacade\x64\debug\crazyacade.pch
c:\users\administrator.jusin-20180207g\desktop\crazyacade\crazyacade\x64\debug\vc140.pdb
c:\users\administrator.jusin-20180207g\desktop\crazyacade\crazyacade\x64\debug\vc140.idb
c:\users\administrator.jusin-20180207g\desktop\crazyacade\crazyacade\x64\debug\stdafx.obj
c:\users\administrator.jusin-20180207g\desktop\crazyacade\crazyacade\x64\debug\mybutton.obj
c:\users\administrator.jusin-20180207g\desktop\crazyacade\crazyacade\x64\debug\mycharacter.obj
c:\users\administrator.jusin-20180207g\desktop\crazyacade\crazyacade\x64\debug\myedit.obj
c:\users\administrator.jusin-20180207g\desktop\crazyacade\crazyacade\x64\debug\mymenu.obj
c:\users\administrator.jusin-20180207g\desktop\crazyacade\crazyacade\x64\debug\stage1.obj
c:\users\administrator.jusin-20180207g\desktop\crazyacade\crazyacade\x64\debug\stage2.obj
c:\users\administrator.jusin-20180207g\desktop\crazyacade\crazyacade\x64\debug\stageui.obj
c:\users\administrator.jusin-20180207g\desktop\crazyacade\crazyacade\x64\debug\tile.obj
c:\users\administrator.jusin-20180207g\desktop\crazyacade\crazyacade\x64\debug\tilemgr.obj
c:\users\administrator.jusin-20180207g\desktop\crazyacade\crazyacade\x64\debug\unit.obj
c:\users\administrator.jusin-20180207g\desktop\crazyacade\crazyacade\x64\debug\crazyacade.obj
c:\users\administrator.jusin-20180207g\desktop\crazyacade\crazyacade\x64\debug\maingame.obj
c:\users\administrator.jusin-20180207g\desktop\crazyacade\crazyacade\x64\debug\monster.obj
c:\users\administrator.jusin-20180207g\desktop\crazyacade\crazyacade\x64\debug\obj.obj
c:\users\administrator.jusin-20180207g\desktop\crazyacade\crazyacade\x64\debug\objmgr.obj
c:\users\administrator.jusin-20180207g\desktop\crazyacade\crazyacade\x64\debug\player.obj
c:\users\administrator.jusin-20180207g\desktop\crazyacade\crazyacade\x64\debug\scene.obj
c:\users\administrator.jusin-20180207g\desktop\crazyacade\crazyacade\x64\debug\scenemgr.obj
c:\users\administrator.jusin-20180207g\desktop\crazyacade\crazyacade\x64\debug\ballon.obj
c:\users\administrator.jusin-20180207g\desktop\crazyacade\crazyacade\x64\debug\stem.obj
c:\users\administrator.jusin-20180207g\desktop\crazyacade\crazyacade\x64\debug\acting.obj
c:\users\administrator.jusin-20180207g\desktop\crazyacade\crazyacade\x64\debug\block.obj
c:\users\administrator.jusin-20180207g\desktop\crazyacade\crazyacade\x64\debug\bmpmgr.obj
c:\users\administrator.jusin-20180207g\desktop\crazyacade\crazyacade\x64\debug\collisionmgr.obj
c:\users\administrator.jusin-20180207g\desktop\crazyacade\crazyacade\x64\debug\item.obj
c:\users\administrator.jusin-20180207g\desktop\crazyacade\crazyacade\x64\debug\keymgr.obj
c:\users\administrator.jusin-20180207g\desktop\crazyacade\crazyacade\x64\debug\loading.obj
c:\users\administrator.jusin-20180207g\desktop\crazyacade\crazyacade\x64\debug\loadingui.obj
c:\users\administrator.jusin-20180207g\desktop\crazyacade\crazyacade\x64\debug\login.obj
c:\users\administrator.jusin-20180207g\desktop\crazyacade\crazyacade\x64\debug\logo.obj
c:\users\administrator.jusin-20180207g\desktop\crazyacade\crazyacade\x64\debug\monster2.obj
c:\users\administrator.jusin-20180207g\desktop\crazyacade\crazyacade\x64\debug\mouse.obj
c:\users\administrator.jusin-20180207g\desktop\crazyacade\crazyacade\x64\debug\mybanner.obj
c:\users\administrator.jusin-20180207g\desktop\crazyacade\crazyacade\x64\debug\mybitmap.obj
c:\users\administrator.jusin-20180207g\desktop\crazyacade\x64\debug\crazyacade.ilk
c:\users\administrator.jusin-20180207g\desktop\crazyacade\x64\debug\crazyacade.exe
c:\users\administrator.jusin-20180207g\desktop\crazyacade\x64\debug\crazyacade.pdb
c:\users\administrator.jusin-20180207g\desktop\crazyacade\crazyacade\x64\debug\crazyacade.res
c:\users\administrator.jusin-20180207g\desktop\crazyacade\crazyacade\x64\debug\crazyacade.tlog\cl.command.1.tlog
c:\users\administrator.jusin-20180207g\desktop\crazyacade\crazyacade\x64\debug\crazyacade.tlog\cl.read.1.tlog
c:\users\administrator.jusin-20180207g\desktop\crazyacade\crazyacade\x64\debug\crazyacade.tlog\cl.write.1.tlog
c:\users\administrator.jusin-20180207g\desktop\crazyacade\crazyacade\x64\debug\crazyacade.tlog\link.command.1.tlog
c:\users\administrator.jusin-20180207g\desktop\crazyacade\crazyacade\x64\debug\crazyacade.tlog\link.read.1.tlog
c:\users\administrator.jusin-20180207g\desktop\crazyacade\crazyacade\x64\debug\crazyacade.tlog\link.write.1.tlog
c:\users\administrator.jusin-20180207g\desktop\crazyacade\crazyacade\x64\debug\crazyacade.tlog\rc.command.1.tlog
c:\users\administrator.jusin-20180207g\desktop\crazyacade\crazyacade\x64\debug\crazyacade.tlog\rc.read.1.tlog
c:\users\administrator.jusin-20180207g\desktop\crazyacade\crazyacade\x64\debug\crazyacade.tlog\rc.write.1.tlog
